0 info it worked if it ends with ok
<<<<<<< HEAD
1 verbose cli [ '/usr/local/bin/node', '/usr/local/bin/npm', 'run', 'karma' ]
2 info using npm@2.15.8
3 info using node@v4.4.7
4 verbose stack Error: missing script: karma
4 verbose stack     at run (/usr/local/lib/node_modules/npm/lib/run-script.js:142:19)
4 verbose stack     at /usr/local/lib/node_modules/npm/lib/run-script.js:58:5
4 verbose stack     at /usr/local/lib/node_modules/npm/node_modules/read-package-json/read-json.js:356:5
4 verbose stack     at checkBinReferences_ (/usr/local/lib/node_modules/npm/node_modules/read-package-json/read-json.js:320:45)
4 verbose stack     at final (/usr/local/lib/node_modules/npm/node_modules/read-package-json/read-json.js:354:3)
4 verbose stack     at then (/usr/local/lib/node_modules/npm/node_modules/read-package-json/read-json.js:124:5)
4 verbose stack     at /usr/local/lib/node_modules/npm/node_modules/read-package-json/read-json.js:311:12
4 verbose stack     at /usr/local/lib/node_modules/npm/node_modules/graceful-fs/graceful-fs.js:78:16
4 verbose stack     at FSReqWrap.readFileAfterClose [as oncomplete] (fs.js:380:3)
5 verbose cwd /Volumes/HD2/project/angular2-webpack-starter
6 error Darwin 15.6.0
7 error argv "/usr/local/bin/node" "/usr/local/bin/npm" "run" "karma"
8 error node v4.4.7
9 error npm  v2.15.8
10 error missing script: karma
11 error If you need help, you may report this error at:
11 error     <https://github.com/npm/npm/issues>
12 verbose exit [ 1, true ]
=======
1 verbose cli [ '/usr/local/bin/node',
1 verbose cli   '/Users/CoolUser/.npm-packages/bin/npm',
1 verbose cli   'start' ]
2 info using npm@3.9.6
3 info using node@v6.2.1
4 verbose run-script [ 'prestart', 'start', 'poststart' ]
5 info lifecycle angular2-webpack@1.0.0~prestart: angular2-webpack@1.0.0
6 silly lifecycle angular2-webpack@1.0.0~prestart: no script for prestart, continuing
7 info lifecycle angular2-webpack@1.0.0~start: angular2-webpack@1.0.0
8 verbose lifecycle angular2-webpack@1.0.0~start: unsafe-perm in lifecycle true
9 verbose lifecycle angular2-webpack@1.0.0~start: PATH: /Users/CoolUser/.npm-packages/lib/node_modules/npm/bin/node-gyp-bin:/Users/CoolUser/projects/ng2-webpack-starter/angular2-webpack-starter/node_modules/.bin:/usr/local/bin:/Users/CoolUser/.npm-packages/bin:/usr/local/bin:/usr/local/sbin:/usr/local/bin:/usr/bin:/bin:/usr/sbin:/sbin
10 verbose lifecycle angular2-webpack@1.0.0~start: CWD: /Users/CoolUser/projects/ng2-webpack-starter/angular2-webpack-starter
11 silly lifecycle angular2-webpack@1.0.0~start: Args: [ '-c', 'webpack-dev-server --inline --progress --port 8080' ]
12 silly lifecycle angular2-webpack@1.0.0~start: Returned: code: 1  signal: null
13 info lifecycle angular2-webpack@1.0.0~start: Failed to exec start script
14 verbose stack Error: angular2-webpack@1.0.0 start: `webpack-dev-server --inline --progress --port 8080`
14 verbose stack Exit status 1
14 verbose stack     at EventEmitter.<anonymous> (/Users/CoolUser/.npm-packages/lib/node_modules/npm/lib/utils/lifecycle.js:245:16)
14 verbose stack     at emitTwo (events.js:106:13)
14 verbose stack     at EventEmitter.emit (events.js:191:7)
14 verbose stack     at ChildProcess.<anonymous> (/Users/CoolUser/.npm-packages/lib/node_modules/npm/lib/utils/spawn.js:24:14)
14 verbose stack     at emitTwo (events.js:106:13)
14 verbose stack     at ChildProcess.emit (events.js:191:7)
14 verbose stack     at maybeClose (internal/child_process.js:852:16)
14 verbose stack     at Process.ChildProcess._handle.onexit (internal/child_process.js:215:5)
15 verbose pkgid angular2-webpack@1.0.0
16 verbose cwd /Users/CoolUser/projects/ng2-webpack-starter/angular2-webpack-starter
17 error Darwin 15.6.0
18 error argv "/usr/local/bin/node" "/Users/CoolUser/.npm-packages/bin/npm" "start"
19 error node v6.2.1
20 error npm  v3.9.6
21 error code ELIFECYCLE
22 error angular2-webpack@1.0.0 start: `webpack-dev-server --inline --progress --port 8080`
22 error Exit status 1
23 error Failed at the angular2-webpack@1.0.0 start script 'webpack-dev-server --inline --progress --port 8080'.
23 error Make sure you have the latest version of node.js and npm installed.
23 error If you do, this is most likely a problem with the angular2-webpack package,
23 error not with npm itself.
23 error Tell the author that this fails on your system:
23 error     webpack-dev-server --inline --progress --port 8080
23 error You can get information on how to open an issue for this project with:
23 error     npm bugs angular2-webpack
23 error Or if that isn't available, you can get their info via:
23 error     npm owner ls angular2-webpack
23 error There is likely additional logging output above.
24 verbose exit [ 1, true ]
>>>>>>> 5ef298ddd54e514fbd5983f199f89fe0900f58f4
